<?xml version='1.0' encoding='UTF-8'?>
<testsuite hostname="ShahedDell" name="model.PlayerSpec" tests="2" errors="0" failures="0" skipped="0" time="0.026" timestamp="2024-10-24T23:57:21">
          <properties>
[...]
</properties>
          <testcase classname="model.PlayerSpec" name="A Player when new should have a name" time="0.026">
                      
                    </testcase><testcase classname="model.PlayerSpec" name="A Player when new should have a nice String representation" time="0.0">
                      
                    </testcase>
          <system-out><![CDATA[]]></system-out>
          <system-err><![CDATA[]]></system-err>
        </testsuite>