<?xml version='1.0' encoding='UTF-8'?>
<testsuite hostname="Delli" name="model.PlayerSpec" tests="2" errors="0" failures="0" skipped="0" time="0.057" timestamp="2024-10-25T09:48:20">
          <properties>
[...]
</properties>
          <testcase classname="model.PlayerSpec" name="A Player when new should have a name" time="0.033">
                      
                    </testcase><testcase classname="model.PlayerSpec" name="A Player when new should have a nice String representation" time="0.024">
                      
                    </testcase>
          <system-out><![CDATA[]]></system-out>
          <system-err><![CDATA[]]></system-err>
        </testsuite>