<?xml version="1.0"?>
<!DOCTYPE coverage SYSTEM "https://cobertura.sourceforge.net/xml/coverage-04.dtd">
<coverage 
line-rate="0.42" lines-valid="149" lines-covered="62" branches-valid="22" branches-covered="10" branch-rate="0.45" complexity="0" version="1.0" timestamp="1729842554462">
    <sources>
        <source>--source</source>
        <source>C:/Users/coreu/Documents/#Studium/Software Engineering/SE_Kitty_Card/src/main/scala</source>
    </sources>
    <packages>
        <package name="&lt;empty&gt;" line-rate="0.00" branch-rate="0.00" complexity="0">
            <classes>
                <class 
                name="&lt;empty&gt;.KittyCardGame$" filename="KittyCardGame.scala" line-rate="0.00" branch-rate="0.00" complexity="0">
                    <methods>
                        <method 
                        name="&lt;empty&gt;/KittyCardGame$/printHeading" signature="()V" line-rate="0.00" branch-rate="0.00" complexity="0">
                            <lines>
                                <line number="9" hits="0" branch="false"/>
                                <line number="10" hits="0" branch="false"/>
                                <line number="10" hits="0" branch="false"/>
                                <line number="10" hits="0" branch="false"/>
                                <line number="10" hits="0" branch="false"/>
                                <line number="10" hits="0" branch="false"/>
                                <line number="10" hits="0" branch="false"/>
                            </lines>
</method>
                        <method 
                        name="&lt;empty&gt;/KittyCardGame$/printHand" signature="()V" line-rate="0.00" branch-rate="0.00" complexity="0">
                            <lines>
                                <line number="28" hits="0" branch="false"/>
                                <line number="31" hits="0" branch="false"/>
                                <line number="31" hits="0" branch="false"/>
                                <line number="29" hits="0" branch="false"/>
                                <line number="30" hits="0" branch="false"/>
                                <line number="28" hits="0" branch="false"/>
                                <line number="30" hits="0" branch="false"/>
                                <line number="29" hits="0" branch="false"/>
                                <line number="31" hits="0" branch="false"/>
                                <line number="29" hits="0" branch="false"/>
                                <line number="27" hits="0" branch="false"/>
                                <line number="30" hits="0" branch="false"/>
                                <line number="31" hits="0" branch="false"/>
                                <line number="28" hits="0" branch="false"/>
                            </lines>
</method>
                        <method name="&lt;empty&gt;/KittyCardGame$/card" signature="()V" line-rate="0.00" branch-rate="0.00" complexity="0">
                            <lines>
                                <line number="12" hits="0" branch="false"/>
                                <line number="15" hits="0" branch="false"/>
                                <line number="16" hits="0" branch="false"/>
                                <line number="16" hits="0" branch="false"/>
                                <line number="18" hits="0" branch="false"/>
                                <line number="15" hits="0" branch="false"/>
                                <line number="14" hits="0" branch="false"/>
                                <line number="15" hits="0" branch="false"/>
                                <line number="16" hits="0" branch="false"/>
                            </lines>
                        </method>
                        <method name="&lt;empty&gt;/KittyCardGame$/main" signature="()V" line-rate="0.00" branch-rate="0.00" complexity="0">
                            <lines>
                                <line number="45" hits="0" branch="false"/>
                                <line number="39" hits="0" branch="false"/>
                                <line number="46" hits="0" branch="false"/>
                                <line number="43" hits="0" branch="false"/>
                                <line number="36" hits="0" branch="false"/>
                                <line number="44" hits="0" branch="false"/>
                                <line number="24" hits="0" branch="false"/>
                                <line number="44" hits="0" branch="false"/>
                                <line number="5" hits="0" branch="false"/>
                                <line number="39" hits="0" branch="false"/>
                                <line number="45" hits="0" branch="false"/>
                                <line number="43" hits="0" branch="false"/>
                                <line number="46" hits="0" branch="false"/>
                                <line number="34" hits="0" branch="false"/>
                                <line number="7" hits="0" branch="false"/>
                                <line number="23" hits="0" branch="false"/>
                                <line number="43" hits="0" branch="false"/>
                                <line number="46" hits="0" branch="false"/>
                                <line number="23" hits="0" branch="false"/>
                                <line number="44" hits="0" branch="false"/>
                                <line number="24" hits="0" branch="false"/>
                                <line number="38" hits="0" branch="false"/>
                                <line number="41" hits="0" branch="false"/>
                                <line number="45" hits="0" branch="false"/>
                                <line number="7" hits="0" branch="false"/>
                            </lines>
                        </method>
                        <method 
                        name="&lt;empty&gt;/KittyCardGame$/$anonfun" signature="()V" line-rate="0.00" branch-rate="0.00" complexity="0">
                            <lines>
                                <line number="29" hits="0" branch="false"/>
                            </lines>
</method>
                    </methods>
                    <lines>
                        <line number="28" hits="0" branch="false"/>
                        <line number="45" hits="0" branch="false"/>
                        <line number="39" hits="0" branch="false"/>
                        <line number="31" hits="0" branch="false"/>
                        <line number="46" hits="0" branch="false"/>
                        <line number="31" hits="0" branch="false"/>
                        <line number="43" hits="0" branch="false"/>
                        <line number="9" hits="0" branch="false"/>
                        <line number="12" hits="0" branch="false"/>
                        <line number="29" hits="0" branch="false"/>
                        <line number="15" hits="0" branch="false"/>
                        <line number="36" hits="0" branch="false"/>
                        <line number="30" hits="0" branch="false"/>
                        <line number="44" hits="0" branch="false"/>
                        <line number="24" hits="0" branch="false"/>
                        <line number="10" hits="0" branch="false"/>
                        <line number="10" hits="0" branch="false"/>
                        <line number="16" hits="0" branch="false"/>
                        <line number="44" hits="0" branch="false"/>
                        <line number="5" hits="0" branch="false"/>
                        <line number="39" hits="0" branch="false"/>
                        <line number="45" hits="0" branch="false"/>
                        <line number="10" hits="0" branch="false"/>
                        <line number="16" hits="0" branch="false"/>
                        <line number="28" hits="0" branch="false"/>
                        <line number="30" hits="0" branch="false"/>
                        <line number="18" hits="0" branch="false"/>
                        <line number="10" hits="0" branch="false"/>
                        <line number="43" hits="0" branch="false"/>
                        <line number="46" hits="0" branch="false"/>
                        <line number="29" hits="0" branch="false"/>
                        <line number="31" hits="0" branch="false"/>
                        <line number="15" hits="0" branch="false"/>
                        <line number="34" hits="0" branch="false"/>
                        <line number="7" hits="0" branch="false"/>
                        <line number="29" hits="0" branch="false"/>
                        <line number="23" hits="0" branch="false"/>
                        <line number="43" hits="0" branch="false"/>
                        <line number="46" hits="0" branch="false"/>
                        <line number="29" hits="0" branch="false"/>
                        <line number="27" hits="0" branch="false"/>
                        <line number="14" hits="0" branch="false"/>
                        <line number="23" hits="0" branch="false"/>
                        <line number="44" hits="0" branch="false"/>
                        <line number="24" hits="0" branch="false"/>
                        <line number="15" hits="0" branch="false"/>
                        <line number="10" hits="0" branch="false"/>
                        <line number="30" hits="0" branch="false"/>
                        <line number="38" hits="0" branch="false"/>
                        <line number="16" hits="0" branch="false"/>
                        <line number="41" hits="0" branch="false"/>
                        <line number="45" hits="0" branch="false"/>
                        <line number="31" hits="0" branch="false"/>
                        <line number="28" hits="0" branch="false"/>
                        <line number="10" hits="0" branch="false"/>
                        <line number="7" hits="0" branch="false"/>
                    </lines>
</class>
            </classes>
        </package>
        <package name="model" line-rate="0.67" branch-rate="0.45" complexity="0">
            <classes>
                <class name="model.Suit$" filename="model\Suit.scala" line-rate="1.00" branch-rate="1.00" complexity="0">
                    <methods>
                        <method name="model/Suit$/&lt;init&gt;" signature="()V" line-rate="1.00" branch-rate="1.00" complexity="0">
                            <lines>
                                <line number="6" hits="1" branch="false"/>
                                <line number="6" hits="1" branch="false"/>
                                <line number="6" hits="1" branch="false"/>
                                <line number="6" hits="1" branch="false"/>
                                <line number="6" hits="1" branch="false"/>
                                <line number="6" hits="1" branch="false"/>
                            </lines>
                        </method>
                    </methods>
                    <lines>
                        <line number="6" hits="1" branch="false"/>
                        <line number="6" hits="1" branch="false"/>
                        <line number="6" hits="1" branch="false"/>
                        <line number="6" hits="1" branch="false"/>
                        <line number="6" hits="1" branch="false"/>
                        <line number="6" hits="1" branch="false"/>
                    </lines>
                </class>
                <class name="model.Card" filename="model\Card.scala" line-rate="1.00" branch-rate="1.00" complexity="0">
                    <methods>
                        <method name="model/Card/toString" signature="()V" line-rate="1.00" branch-rate="1.00" complexity="0">
                            <lines>
                                <line number="7" hits="1" branch="false"/>
                                <line number="7" hits="1" branch="false"/>
                            </lines>
                        </method>
                    </methods>
                    <lines>
                        <line number="7" hits="1" branch="false"/>
                        <line number="7" hits="1" branch="false"/>
                    </lines>
                </class>
                <class name="model.Deck" filename="model\Deck.scala" line-rate="0.95" branch-rate="0.50" complexity="0">
                    <methods>
                        <method name="model/Deck/drawCard" signature="()V" line-rate="0.83" branch-rate="0.50" complexity="0">
                            <lines>
                                <line number="20" hits="1" branch="false"/>
                                <line number="17" hits="1" branch="false"/>
                                <line number="19" hits="1" branch="false"/>
                                <line number="22" hits="0" branch="true"/>
                                <line number="18" hits="1" branch="true"/>
                                <line number="18" hits="1" branch="false"/>
                            </lines>
                        </method>
                        <method name="model/Deck/generateDeck" signature="()V" line-rate="1.00" branch-rate="1.00" complexity="0">
                            <lines>
                                <line number="10" hits="1" branch="false"/>
                                <line number="9" hits="1" branch="false"/>
                                <line number="11" hits="1" branch="false"/>
                                <line number="11" hits="1" branch="false"/>
                            </lines>
                        </method>
                        <method name="model/Deck/$anonfun" signature="()V" line-rate="1.00" branch-rate="1.00" complexity="0">
                            <lines>
                                <line number="12" hits="1" branch="false"/>
                                <line number="12" hits="1" branch="false"/>
                                <line number="12" hits="1" branch="false"/>
                            </lines>
                        </method>
                        <method name="model/Deck/size" signature="()V" line-rate="1.00" branch-rate="1.00" complexity="0">
                            <lines>
                                <line number="34" hits="1" branch="false"/>
                                <line number="34" hits="1" branch="false"/>
                            </lines>
                        </method>
                        <method name="model/Deck/&lt;init&gt;" signature="()V" line-rate="1.00" branch-rate="1.00" complexity="0">
                            <lines>
                                <line number="6" hits="1" branch="false"/>
                            </lines>
                        </method>
                        <method name="model/Deck/refill" signature="()V" line-rate="1.00" branch-rate="1.00" complexity="0">
                            <lines>
                                <line number="28" hits="1" branch="false"/>
                                <line number="30" hits="1" branch="false"/>
                                <line number="29" hits="1" branch="false"/>
                            </lines>
                        </method>
                    </methods>
                    <lines>
                        <line number="10" hits="1" branch="false"/>
                        <line number="20" hits="1" branch="false"/>
                        <line number="12" hits="1" branch="false"/>
                        <line number="17" hits="1" branch="false"/>
                        <line number="28" hits="1" branch="false"/>
                        <line number="9" hits="1" branch="false"/>
                        <line number="12" hits="1" branch="false"/>
                        <line number="30" hits="1" branch="false"/>
                        <line number="6" hits="1" branch="false"/>
                        <line number="19" hits="1" branch="false"/>
                        <line number="34" hits="1" branch="false"/>
                        <line number="22" hits="0" branch="true"/>
                        <line number="11" hits="1" branch="false"/>
                        <line number="11" hits="1" branch="false"/>
                        <line number="18" hits="1" branch="true"/>
                        <line number="12" hits="1" branch="false"/>
                        <line number="29" hits="1" branch="false"/>
                        <line number="34" hits="1" branch="false"/>
                        <line number="18" hits="1" branch="false"/>
                    </lines>
                </class>
                <class name="model.Grid" filename="model\Grid.scala" line-rate="0.49" branch-rate="0.58" complexity="0">
                    <methods>
                        <method name="model/Grid/mesh" signature="()V" line-rate="0.00" branch-rate="0.00" complexity="0">
                            <lines>
                                <line number="54" hits="0" branch="false"/>
                                <line number="54" hits="0" branch="false"/>
                                <line number="59" hits="0" branch="false"/>
                                <line number="53" hits="0" branch="false"/>
                                <line number="54" hits="0" branch="false"/>
                            </lines>
                        </method>
                        <method name="model/Grid/display" signature="()V" line-rate="0.00" branch-rate="0.00" complexity="0">
                            <lines>
                                <line number="44" hits="0" branch="false"/>
                                <line number="44" hits="0" branch="false"/>
                                <line number="43" hits="0" branch="false"/>
                            </lines>
                        </method>
                        <method name="model/Grid/$anonfun" signature="()V" line-rate="0.00" branch-rate="0.00" complexity="0">
                            <lines>
                                <line number="47" hits="0" branch="true"/>
                                <line number="55" hits="0" branch="false"/>
                                <line number="48" hits="0" branch="false"/>
                                <line number="57" hits="0" branch="true"/>
                                <line number="58" hits="0" branch="false"/>
                                <line number="45" hits="0" branch="false"/>
                                <line number="45" hits="0" branch="false"/>
                                <line number="55" hits="0" branch="false"/>
                                <line number="46" hits="0" branch="true"/>
                                <line number="56" hits="0" branch="true"/>
                                <line number="45" hits="0" branch="false"/>
                                <line number="56" hits="0" branch="false"/>
                                <line number="45" hits="0" branch="false"/>
                                <line number="46" hits="0" branch="false"/>
                                <line number="55" hits="0" branch="false"/>
                            </lines>
                        </method>
                        <method name="model/Grid/isWithinBounds" signature="()V" line-rate="1.00" branch-rate="1.00" complexity="0">
                            <lines>
                                <line number="13" hits="1" branch="false"/>
                            </lines>
                        </method>
                        <method name="model/Grid/placeCard" signature="()V" line-rate="1.00" branch-rate="1.00" complexity="0">
                            <lines>
                                <line number="19" hits="1" branch="false"/>
                                <line number="20" hits="1" branch="false"/>
                                <line number="18" hits="1" branch="false"/>
                                <line number="19" hits="1" branch="false"/>
                                <line number="20" hits="1" branch="false"/>
                                <line number="22" hits="1" branch="true"/>
                                <line number="19" hits="1" branch="true"/>
                                <line number="19" hits="1" branch="false"/>
                                <line number="19" hits="1" branch="false"/>
                            </lines>
                        </method>
                        <method name="model/Grid/&lt;init&gt;" signature="()V" line-rate="1.00" branch-rate="1.00" complexity="0">
                            <lines>
                                <line number="7" hits="1" branch="false"/>
                                <line number="10" hits="1" branch="false"/>
                                <line number="7" hits="1" branch="false"/>
                            </lines>
                        </method>
                        <method name="model/Grid/calculatePoints" signature="()V" line-rate="0.91" branch-rate="0.83" complexity="0">
                            <lines>
                                <line number="32" hits="1" branch="false"/>
                                <line number="33" hits="1" branch="true"/>
                                <line number="30" hits="1" branch="true"/>
                                <line number="28" hits="1" branch="false"/>
                                <line number="29" hits="1" branch="false"/>
                                <line number="34" hits="1" branch="false"/>
                                <line number="33" hits="1" branch="true"/>
                                <line number="35" hits="1" branch="true"/>
                                <line number="38" hits="0" branch="true"/>
                                <line number="29" hits="1" branch="false"/>
                                <line number="31" hits="1" branch="true"/>
                            </lines>
                        </method>
                    </methods>
                    <lines>
                        <line number="32" hits="1" branch="false"/>
                        <line number="44" hits="0" branch="false"/>
                        <line number="19" hits="1" branch="false"/>
                        <line number="47" hits="0" branch="true"/>
                        <line number="55" hits="0" branch="false"/>
                        <line number="48" hits="0" branch="false"/>
                        <line number="33" hits="1" branch="true"/>
                        <line number="57" hits="0" branch="true"/>
                        <line number="7" hits="1" branch="false"/>
                        <line number="20" hits="1" branch="false"/>
                        <line number="54" hits="0" branch="false"/>
                        <line number="13" hits="1" branch="false"/>
                        <line number="18" hits="1" branch="false"/>
                        <line number="58" hits="0" branch="false"/>
                        <line number="30" hits="1" branch="true"/>
                        <line number="45" hits="0" branch="false"/>
                        <line number="45" hits="0" branch="false"/>
                        <line number="54" hits="0" branch="false"/>
                        <line number="55" hits="0" branch="false"/>
                        <line number="28" hits="1" branch="false"/>
                        <line number="46" hits="0" branch="true"/>
                        <line number="19" hits="1" branch="false"/>
                        <line number="29" hits="1" branch="false"/>
                        <line number="20" hits="1" branch="false"/>
                        <line number="34" hits="1" branch="false"/>
                        <line number="56" hits="0" branch="true"/>
                        <line number="45" hits="0" branch="false"/>
                        <line number="59" hits="0" branch="false"/>
                        <line number="33" hits="1" branch="true"/>
                        <line number="10" hits="1" branch="false"/>
                        <line number="22" hits="1" branch="true"/>
                        <line number="56" hits="0" branch="false"/>
                        <line number="19" hits="1" branch="true"/>
                        <line number="35" hits="1" branch="true"/>
                        <line number="45" hits="0" branch="false"/>
                        <line number="53" hits="0" branch="false"/>
                        <line number="54" hits="0" branch="false"/>
                        <line number="7" hits="1" branch="false"/>
                        <line number="38" hits="0" branch="true"/>
                        <line number="29" hits="1" branch="false"/>
                        <line number="19" hits="1" branch="false"/>
                        <line number="46" hits="0" branch="false"/>
                        <line number="55" hits="0" branch="false"/>
                        <line number="19" hits="1" branch="false"/>
                        <line number="44" hits="0" branch="false"/>
                        <line number="31" hits="1" branch="true"/>
                        <line number="43" hits="0" branch="false"/>
                    </lines>
                </class>
                <class name="model.Player" filename="model\Player.scala" line-rate="1.00" branch-rate="1.00" complexity="0">
                    <methods>
                        <method name="model/Player/toString" signature="()V" line-rate="1.00" branch-rate="1.00" complexity="0">
                            <lines>
                                <line number="4" hits="1" branch="false"/>
                            </lines>
                        </method>
                    </methods>
                    <lines>
                        <line number="4" hits="1" branch="false"/>
                    </lines>
                </class>
                <class name="model.Grid$" filename="model\Grid.scala" line-rate="1.00" branch-rate="1.00" complexity="0">
                    <methods>
                        <method 
                        name="model/Grid$/$lessinit$greater$default$1" signature="()V" line-rate="1.00" branch-rate="1.00" complexity="0">
                            <lines>
                                <line number="6" hits="1" branch="false"/>
                            </lines>
</method>
                    </methods>
                    <lines>
                        <line number="6" hits="1" branch="false"/>
                    </lines>
                </class>
                <class name="model.Value1$" filename="model\Value1.scala" line-rate="0.65" branch-rate="0.25" complexity="0">
                    <methods>
                        <method name="model/Value1$/toInt" signature="()V" line-rate="0.33" branch-rate="0.25" complexity="0">
                            <lines>
                                <line number="22" hits="0" branch="true"/>
                                <line number="16" hits="0" branch="true"/>
                                <line number="18" hits="1" branch="true"/>
                                <line number="21" hits="0" branch="true"/>
                                <line number="15" hits="1" branch="false"/>
                                <line number="23" hits="0" branch="true"/>
                                <line number="17" hits="0" branch="true"/>
                                <line number="20" hits="1" branch="true"/>
                                <line number="19" hits="0" branch="true"/>
                            </lines>
                        </method>
                        <method name="model/Value1$/&lt;init&gt;" signature="()V" line-rate="1.00" branch-rate="1.00" complexity="0">
                            <lines>
                                <line number="10" hits="1" branch="false"/>
                                <line number="7" hits="1" branch="false"/>
                                <line number="6" hits="1" branch="false"/>
                                <line number="9" hits="1" branch="false"/>
                                <line number="12" hits="1" branch="false"/>
                                <line number="11" hits="1" branch="false"/>
                                <line number="5" hits="1" branch="false"/>
                                <line number="8" hits="1" branch="false"/>
                            </lines>
                        </method>
                    </methods>
                    <lines>
                        <line number="22" hits="0" branch="true"/>
                        <line number="10" hits="1" branch="false"/>
                        <line number="16" hits="0" branch="true"/>
                        <line number="7" hits="1" branch="false"/>
                        <line number="18" hits="1" branch="true"/>
                        <line number="6" hits="1" branch="false"/>
                        <line number="9" hits="1" branch="false"/>
                        <line number="21" hits="0" branch="true"/>
                        <line number="12" hits="1" branch="false"/>
                        <line number="15" hits="1" branch="false"/>
                        <line number="23" hits="0" branch="true"/>
                        <line number="11" hits="1" branch="false"/>
                        <line number="5" hits="1" branch="false"/>
                        <line number="17" hits="0" branch="true"/>
                        <line number="20" hits="1" branch="true"/>
                        <line number="8" hits="1" branch="false"/>
                        <line number="19" hits="0" branch="true"/>
                    </lines>
                </class>
            </classes>
        </package>
    </packages>
</coverage>
